ERROR - 2024-01-31 13:54:36 --> Error connecting to the database: mysqli_sql_exception: Unknown database 'ci4_tekkindo' in C:\Users\samid\Documents\program\codeigniter\4\ci4_tekkindo\system\Database\MySQLi\Connection.php:185
Stack trace:
#0 C:\Users\samid\Documents\program\codeigniter\4\ci4_tekkindo\system\Database\MySQLi\Connection.php(185): mysqli->real_connect('localhost', 'root', '', 'ci4_tekkindo', 3306, '', 0)
#1 C:\Users\samid\Documents\program\codeigniter\4\ci4_tekkindo\system\Database\BaseConnection.php(391): CodeIgniter\Database\MySQLi\Connection->connect(false)
#2 C:\Users\samid\Documents\program\codeigniter\4\ci4_tekkindo\system\Database\BaseConnection.php(574): CodeIgniter\Database\BaseConnection->initialize()
#3 C:\Users\samid\Documents\program\codeigniter\4\ci4_tekkindo\system\Database\BaseBuilder.php(1616): CodeIgniter\Database\BaseConnection->query('SELECT *\nFROM `...', Array, false)
#4 C:\Users\samid\Documents\program\codeigniter\4\ci4_tekkindo\system\Model.php(264): CodeIgniter\Database\BaseBuilder->get()
#5 C:\Users\samid\Documents\program\codeigniter\4\ci4_tekkindo\system\BaseModel.php(662): CodeIgniter\Model->doFirst()
#6 C:\Users\samid\Documents\program\codeigniter\4\ci4_tekkindo\app\Filters\AdminFilter.php(21): CodeIgniter\BaseModel->first()
#7 C:\Users\samid\Documents\program\codeigniter\4\ci4_tekkindo\system\Filters\Filters.php(182): App\Filters\AdminFilter->before(Object(CodeIgniter\HTTP\IncomingRequest), NULL)
#8 C:\Users\samid\Documents\program\codeigniter\4\ci4_tekkindo\system\CodeIgniter.php(466): CodeIgniter\Filters\Filters->run('admin/user', 'before')
#9 C:\Users\samid\Documents\program\codeigniter\4\ci4_tekkindo\system\CodeIgniter.php(353): CodeIgniter\CodeIgniter->handleRequest(NULL, Object(Config\Cache), false)
#10 C:\Users\samid\Documents\program\codeigniter\4\ci4_tekkindo\public\index.php(79): CodeIgniter\CodeIgniter->run()
#11 C:\Users\samid\Documents\program\codeigniter\4\ci4_tekkindo\system\Commands\Server\rewrite.php(47): require_once('C:\\Users\\samid\\...')
#12 {main}

Next CodeIgniter\Database\Exceptions\DatabaseException: Unknown database 'ci4_tekkindo' in C:\Users\samid\Documents\program\codeigniter\4\ci4_tekkindo\system\Database\MySQLi\Connection.php:229
Stack trace:
#0 C:\Users\samid\Documents\program\codeigniter\4\ci4_tekkindo\system\Database\BaseConnection.php(391): CodeIgniter\Database\MySQLi\Connection->connect(false)
#1 C:\Users\samid\Documents\program\codeigniter\4\ci4_tekkindo\system\Database\BaseConnection.php(574): CodeIgniter\Database\BaseConnection->initialize()
#2 C:\Users\samid\Documents\program\codeigniter\4\ci4_tekkindo\system\Database\BaseBuilder.php(1616): CodeIgniter\Database\BaseConnection->query('SELECT *\nFROM `...', Array, false)
#3 C:\Users\samid\Documents\program\codeigniter\4\ci4_tekkindo\system\Model.php(264): CodeIgniter\Database\BaseBuilder->get()
#4 C:\Users\samid\Documents\program\codeigniter\4\ci4_tekkindo\system\BaseModel.php(662): CodeIgniter\Model->doFirst()
#5 C:\Users\samid\Documents\program\codeigniter\4\ci4_tekkindo\app\Filters\AdminFilter.php(21): CodeIgniter\BaseModel->first()
#6 C:\Users\samid\Documents\program\codeigniter\4\ci4_tekkindo\system\Filters\Filters.php(182): App\Filters\AdminFilter->before(Object(CodeIgniter\HTTP\IncomingRequest), NULL)
#7 C:\Users\samid\Documents\program\codeigniter\4\ci4_tekkindo\system\CodeIgniter.php(466): CodeIgniter\Filters\Filters->run('admin/user', 'before')
#8 C:\Users\samid\Documents\program\codeigniter\4\ci4_tekkindo\system\CodeIgniter.php(353): CodeIgniter\CodeIgniter->handleRequest(NULL, Object(Config\Cache), false)
#9 C:\Users\samid\Documents\program\codeigniter\4\ci4_tekkindo\public\index.php(79): CodeIgniter\CodeIgniter->run()
#10 C:\Users\samid\Documents\program\codeigniter\4\ci4_tekkindo\system\Commands\Server\rewrite.php(47): require_once('C:\\Users\\samid\\...')
#11 {main}
CRITICAL - 2024-01-31 13:54:36 --> Unable to connect to the database.
Main connection [MySQLi]: Unknown database 'ci4_tekkindo'
in SYSTEMPATH\Database\BaseConnection.php on line 427.
 1 SYSTEMPATH\Database\BaseConnection.php(574): CodeIgniter\Database\BaseConnection->initialize()
 2 SYSTEMPATH\Database\BaseBuilder.php(1616): CodeIgniter\Database\BaseConnection->query('SELECT *
FROM `user`
WHERE `username` = :username:
AND `token` = :token:
AND `role` = :role:
AND `user`.`deleted_at` IS NULL
 LIMIT 1', [...], false)
 3 SYSTEMPATH\Model.php(264): CodeIgniter\Database\BaseBuilder->get()
 4 SYSTEMPATH\BaseModel.php(662): CodeIgniter\Model->doFirst()
 5 APPPATH\Filters\AdminFilter.php(21): CodeIgniter\BaseModel->first()
 6 SYSTEMPATH\Filters\Filters.php(182): App\Filters\AdminFilter->before(Object(CodeIgniter\HTTP\IncomingRequest), null)
 7 SYSTEMPATH\CodeIgniter.php(466): CodeIgniter\Filters\Filters->run('admin/user', 'before')
 8 SYSTEMPATH\CodeIgniter.php(353): CodeIgniter\CodeIgniter->handleRequest(null, Object(Config\Cache), false)
 9 FCPATH\index.php(79): CodeIgniter\CodeIgniter->run()
10 SYSTEMPATH\Commands\Server\rewrite.php(47): require_once('C:\\Users\\samid\\Documents\\program\\codeigniter\\4\\ci4_tekkindo\\public\\index.php')
INFO - 2024-01-31 13:54:39 --> Session: Class initialized using 'CodeIgniter\Session\Handlers\FileHandler' driver.
INFO - 2024-01-31 14:16:45 --> Session: Class initialized using 'CodeIgniter\Session\Handlers\FileHandler' driver.
