INFO - 2024-01-29 00:30:02 --> Session: Class initialized using 'CodeIgniter\Session\Handlers\FileHandler' driver.
CRITICAL - 2024-01-29 00:30:02 --> Undefined array key "id_penjualan"
in APPPATH\Views\users\penjualan.php on line 59.
 1 APPPATH\Views\users\penjualan.php(59): CodeIgniter\Debug\Exceptions->errorHandler(2, 'Undefined array key "id_penjualan"', 'C:\\Users\\samid\\Documents\\program\\codeigniter\\4\\ci4_penjualan\\app\\Views\\users\\penjualan.php', 59)
 2 SYSTEMPATH\View\View.php(226): include('C:\\Users\\samid\\Documents\\program\\codeigniter\\4\\ci4_penjualan\\app\\Views\\users\\penjualan.php')
 3 SYSTEMPATH\View\View.php(229): CodeIgniter\View\View->CodeIgniter\View\{closure}()
 4 SYSTEMPATH\Common.php(1178): CodeIgniter\View\View->render('users/penjualan', [], true)
 5 APPPATH\Controllers\Users\PenjualanController.php(36): view('users/penjualan', [...])
 6 SYSTEMPATH\CodeIgniter.php(915): App\Controllers\Users\PenjualanController->index()
 7 SYSTEMPATH\CodeIgniter.php(492): CodeIgniter\CodeIgniter->runController(Object(App\Controllers\Users\PenjualanController))
 8 SYSTEMPATH\CodeIgniter.php(353): CodeIgniter\CodeIgniter->handleRequest(null, Object(Config\Cache), false)
 9 FCPATH\index.php(79): CodeIgniter\CodeIgniter->run()
10 SYSTEMPATH\Commands\Server\rewrite.php(47): require_once('C:\\Users\\samid\\Documents\\program\\codeigniter\\4\\ci4_penjualan\\public\\index.php')
ERROR - 2024-01-29 00:46:16 --> mysqli_sql_exception: You have an error in your SQL syntax; check the manual that corresponds to your MySQL server version for the right syntax to use near 'as `mi`.*
FROM `transaksi` as `t`
JOIN `transaksi_item` as `ti` ON `ti`.`id_bara' at line 1 in C:\Users\samid\Documents\program\codeigniter\4\ci4_penjualan\system\Database\MySQLi\Connection.php:306
Stack trace:
#0 C:\Users\samid\Documents\program\codeigniter\4\ci4_penjualan\system\Database\MySQLi\Connection.php(306): mysqli->query('SELECT `t`.*, `...', 0)
#1 C:\Users\samid\Documents\program\codeigniter\4\ci4_penjualan\system\Database\BaseConnection.php(692): CodeIgniter\Database\MySQLi\Connection->execute('SELECT `t`.*, `...')
#2 C:\Users\samid\Documents\program\codeigniter\4\ci4_penjualan\system\Database\BaseConnection.php(606): CodeIgniter\Database\BaseConnection->simpleQuery('SELECT `t`.*, `...')
#3 C:\Users\samid\Documents\program\codeigniter\4\ci4_penjualan\system\Database\BaseBuilder.php(1616): CodeIgniter\Database\BaseConnection->query('SELECT `t`.*, `...', Array, false)
#4 C:\Users\samid\Documents\program\codeigniter\4\ci4_penjualan\app\Controllers\Users\PenjualanController.php(48): CodeIgniter\Database\BaseBuilder->get()
#5 C:\Users\samid\Documents\program\codeigniter\4\ci4_penjualan\system\CodeIgniter.php(915): App\Controllers\Users\PenjualanController->index()
#6 C:\Users\samid\Documents\program\codeigniter\4\ci4_penjualan\system\CodeIgniter.php(492): CodeIgniter\CodeIgniter->runController(Object(App\Controllers\Users\PenjualanController))
#7 C:\Users\samid\Documents\program\codeigniter\4\ci4_penjualan\system\CodeIgniter.php(353): CodeIgniter\CodeIgniter->handleRequest(NULL, Object(Config\Cache), false)
#8 C:\Users\samid\Documents\program\codeigniter\4\ci4_penjualan\public\index.php(79): CodeIgniter\CodeIgniter->run()
#9 C:\Users\samid\Documents\program\codeigniter\4\ci4_penjualan\system\Commands\Server\rewrite.php(47): require_once('C:\\Users\\samid\\...')
#10 {main}
CRITICAL - 2024-01-29 00:46:16 --> You have an error in your SQL syntax; check the manual that corresponds to your MySQL server version for the right syntax to use near 'as `mi`.*
FROM `transaksi` as `t`
JOIN `transaksi_item` as `ti` ON `ti`.`id_bara' at line 1
in SYSTEMPATH\Database\BaseConnection.php on line 646.
 1 SYSTEMPATH\Database\BaseBuilder.php(1616): CodeIgniter\Database\BaseConnection->query('SELECT `t`.*, `ti`.* as `mi`.*
FROM `transaksi` as `t`
JOIN `transaksi_item` as `ti` ON `ti`.`id_barang` = `t`.`id_barang`
WHERE `t`.`deleted_at` IS NULL
AND `ti`.`deleted_at` IS NULL', [], false)
 2 APPPATH\Controllers\Users\PenjualanController.php(48): CodeIgniter\Database\BaseBuilder->get()
 3 SYSTEMPATH\CodeIgniter.php(915): App\Controllers\Users\PenjualanController->index()
 4 SYSTEMPATH\CodeIgniter.php(492): CodeIgniter\CodeIgniter->runController(Object(App\Controllers\Users\PenjualanController))
 5 SYSTEMPATH\CodeIgniter.php(353): CodeIgniter\CodeIgniter->handleRequest(null, Object(Config\Cache), false)
 6 FCPATH\index.php(79): CodeIgniter\CodeIgniter->run()
 7 SYSTEMPATH\Commands\Server\rewrite.php(47): require_once('C:\\Users\\samid\\Documents\\program\\codeigniter\\4\\ci4_penjualan\\public\\index.php')
ERROR - 2024-01-29 00:46:33 --> mysqli_sql_exception: Unknown column 'ti.id_barang' in 'on clause' in C:\Users\samid\Documents\program\codeigniter\4\ci4_penjualan\system\Database\MySQLi\Connection.php:306
Stack trace:
#0 C:\Users\samid\Documents\program\codeigniter\4\ci4_penjualan\system\Database\MySQLi\Connection.php(306): mysqli->query('SELECT `t`.*, `...', 0)
#1 C:\Users\samid\Documents\program\codeigniter\4\ci4_penjualan\system\Database\BaseConnection.php(692): CodeIgniter\Database\MySQLi\Connection->execute('SELECT `t`.*, `...')
#2 C:\Users\samid\Documents\program\codeigniter\4\ci4_penjualan\system\Database\BaseConnection.php(606): CodeIgniter\Database\BaseConnection->simpleQuery('SELECT `t`.*, `...')
#3 C:\Users\samid\Documents\program\codeigniter\4\ci4_penjualan\system\Database\BaseBuilder.php(1616): CodeIgniter\Database\BaseConnection->query('SELECT `t`.*, `...', Array, false)
#4 C:\Users\samid\Documents\program\codeigniter\4\ci4_penjualan\app\Controllers\Users\PenjualanController.php(48): CodeIgniter\Database\BaseBuilder->get()
#5 C:\Users\samid\Documents\program\codeigniter\4\ci4_penjualan\system\CodeIgniter.php(915): App\Controllers\Users\PenjualanController->index()
#6 C:\Users\samid\Documents\program\codeigniter\4\ci4_penjualan\system\CodeIgniter.php(492): CodeIgniter\CodeIgniter->runController(Object(App\Controllers\Users\PenjualanController))
#7 C:\Users\samid\Documents\program\codeigniter\4\ci4_penjualan\system\CodeIgniter.php(353): CodeIgniter\CodeIgniter->handleRequest(NULL, Object(Config\Cache), false)
#8 C:\Users\samid\Documents\program\codeigniter\4\ci4_penjualan\public\index.php(79): CodeIgniter\CodeIgniter->run()
#9 C:\Users\samid\Documents\program\codeigniter\4\ci4_penjualan\system\Commands\Server\rewrite.php(47): require_once('C:\\Users\\samid\\...')
#10 {main}
CRITICAL - 2024-01-29 00:46:33 --> Unknown column 'ti.id_barang' in 'on clause'
in SYSTEMPATH\Database\BaseConnection.php on line 646.
 1 SYSTEMPATH\Database\BaseBuilder.php(1616): CodeIgniter\Database\BaseConnection->query('SELECT `t`.*, `ti`.*
FROM `transaksi` as `t`
JOIN `transaksi_item` as `ti` ON `ti`.`id_barang` = `t`.`id_barang`
WHERE `t`.`deleted_at` IS NULL
AND `ti`.`deleted_at` IS NULL', [], false)
 2 APPPATH\Controllers\Users\PenjualanController.php(48): CodeIgniter\Database\BaseBuilder->get()
 3 SYSTEMPATH\CodeIgniter.php(915): App\Controllers\Users\PenjualanController->index()
 4 SYSTEMPATH\CodeIgniter.php(492): CodeIgniter\CodeIgniter->runController(Object(App\Controllers\Users\PenjualanController))
 5 SYSTEMPATH\CodeIgniter.php(353): CodeIgniter\CodeIgniter->handleRequest(null, Object(Config\Cache), false)
 6 FCPATH\index.php(79): CodeIgniter\CodeIgniter->run()
 7 SYSTEMPATH\Commands\Server\rewrite.php(47): require_once('C:\\Users\\samid\\Documents\\program\\codeigniter\\4\\ci4_penjualan\\public\\index.php')
INFO - 2024-01-29 01:01:12 --> Session: Class initialized using 'CodeIgniter\Session\Handlers\FileHandler' driver.
INFO - 2024-01-29 01:03:24 --> Session: Class initialized using 'CodeIgniter\Session\Handlers\FileHandler' driver.
INFO - 2024-01-29 01:04:17 --> Session: Class initialized using 'CodeIgniter\Session\Handlers\FileHandler' driver.
INFO - 2024-01-29 01:04:53 --> Session: Class initialized using 'CodeIgniter\Session\Handlers\FileHandler' driver.
INFO - 2024-01-29 01:06:54 --> Session: Class initialized using 'CodeIgniter\Session\Handlers\FileHandler' driver.
INFO - 2024-01-29 01:07:46 --> Session: Class initialized using 'CodeIgniter\Session\Handlers\FileHandler' driver.
INFO - 2024-01-29 01:08:04 --> Session: Class initialized using 'CodeIgniter\Session\Handlers\FileHandler' driver.
INFO - 2024-01-29 01:09:02 --> Session: Class initialized using 'CodeIgniter\Session\Handlers\FileHandler' driver.
INFO - 2024-01-29 01:09:35 --> Session: Class initialized using 'CodeIgniter\Session\Handlers\FileHandler' driver.
INFO - 2024-01-29 01:19:24 --> Session: Class initialized using 'CodeIgniter\Session\Handlers\FileHandler' driver.
CRITICAL - 2024-01-29 01:19:24 --> Undefined variable $v
in APPPATH\Views\users\penjualan_tambah.php on line 13.
 1 APPPATH\Views\users\penjualan_tambah.php(13): CodeIgniter\Debug\Exceptions->errorHandler(2, 'Undefined variable $v', 'C:\\Users\\samid\\Documents\\program\\codeigniter\\4\\ci4_penjualan\\app\\Views\\users\\penjualan_tambah.php', 13)
 2 SYSTEMPATH\View\View.php(226): include('C:\\Users\\samid\\Documents\\program\\codeigniter\\4\\ci4_penjualan\\app\\Views\\users\\penjualan_tambah.php')
 3 SYSTEMPATH\View\View.php(229): CodeIgniter\View\View->CodeIgniter\View\{closure}()
 4 SYSTEMPATH\Common.php(1178): CodeIgniter\View\View->render('users/penjualan_tambah', [], true)
 5 APPPATH\Controllers\Users\PenjualanController.php(75): view('users/penjualan_tambah', [...])
 6 SYSTEMPATH\CodeIgniter.php(915): App\Controllers\Users\PenjualanController->index2()
 7 SYSTEMPATH\CodeIgniter.php(492): CodeIgniter\CodeIgniter->runController(Object(App\Controllers\Users\PenjualanController))
 8 SYSTEMPATH\CodeIgniter.php(353): CodeIgniter\CodeIgniter->handleRequest(null, Object(Config\Cache), false)
 9 FCPATH\index.php(79): CodeIgniter\CodeIgniter->run()
10 SYSTEMPATH\Commands\Server\rewrite.php(47): require_once('C:\\Users\\samid\\Documents\\program\\codeigniter\\4\\ci4_penjualan\\public\\index.php')
INFO - 2024-01-29 01:20:18 --> Session: Class initialized using 'CodeIgniter\Session\Handlers\FileHandler' driver.
CRITICAL - 2024-01-29 01:20:18 --> Undefined variable $v
in APPPATH\Views\users\penjualan_tambah.php on line 13.
 1 APPPATH\Views\users\penjualan_tambah.php(13): CodeIgniter\Debug\Exceptions->errorHandler(2, 'Undefined variable $v', 'C:\\Users\\samid\\Documents\\program\\codeigniter\\4\\ci4_penjualan\\app\\Views\\users\\penjualan_tambah.php', 13)
 2 SYSTEMPATH\View\View.php(226): include('C:\\Users\\samid\\Documents\\program\\codeigniter\\4\\ci4_penjualan\\app\\Views\\users\\penjualan_tambah.php')
 3 SYSTEMPATH\View\View.php(229): CodeIgniter\View\View->CodeIgniter\View\{closure}()
 4 SYSTEMPATH\Common.php(1178): CodeIgniter\View\View->render('users/penjualan_tambah', [], true)
 5 APPPATH\Controllers\Users\PenjualanController.php(75): view('users/penjualan_tambah', [...])
 6 SYSTEMPATH\CodeIgniter.php(915): App\Controllers\Users\PenjualanController->index2()
 7 SYSTEMPATH\CodeIgniter.php(492): CodeIgniter\CodeIgniter->runController(Object(App\Controllers\Users\PenjualanController))
 8 SYSTEMPATH\CodeIgniter.php(353): CodeIgniter\CodeIgniter->handleRequest(null, Object(Config\Cache), false)
 9 FCPATH\index.php(79): CodeIgniter\CodeIgniter->run()
10 SYSTEMPATH\Commands\Server\rewrite.php(47): require_once('C:\\Users\\samid\\Documents\\program\\codeigniter\\4\\ci4_penjualan\\public\\index.php')
INFO - 2024-01-29 01:20:31 --> Session: Class initialized using 'CodeIgniter\Session\Handlers\FileHandler' driver.
INFO - 2024-01-29 01:20:57 --> Session: Class initialized using 'CodeIgniter\Session\Handlers\FileHandler' driver.
INFO - 2024-01-29 01:28:58 --> Session: Class initialized using 'CodeIgniter\Session\Handlers\FileHandler' driver.
INFO - 2024-01-29 01:35:42 --> Session: Class initialized using 'CodeIgniter\Session\Handlers\FileHandler' driver.
INFO - 2024-01-29 01:36:09 --> Session: Class initialized using 'CodeIgniter\Session\Handlers\FileHandler' driver.
INFO - 2024-01-29 01:36:38 --> Session: Class initialized using 'CodeIgniter\Session\Handlers\FileHandler' driver.
INFO - 2024-01-29 01:36:51 --> Session: Class initialized using 'CodeIgniter\Session\Handlers\FileHandler' driver.
INFO - 2024-01-29 01:38:15 --> Session: Class initialized using 'CodeIgniter\Session\Handlers\FileHandler' driver.
INFO - 2024-01-29 01:38:36 --> Session: Class initialized using 'CodeIgniter\Session\Handlers\FileHandler' driver.
INFO - 2024-01-29 01:38:57 --> Session: Class initialized using 'CodeIgniter\Session\Handlers\FileHandler' driver.
INFO - 2024-01-29 01:39:45 --> Session: Class initialized using 'CodeIgniter\Session\Handlers\FileHandler' driver.
INFO - 2024-01-29 01:39:56 --> Session: Class initialized using 'CodeIgniter\Session\Handlers\FileHandler' driver.
INFO - 2024-01-29 01:40:24 --> Session: Class initialized using 'CodeIgniter\Session\Handlers\FileHandler' driver.
INFO - 2024-01-29 01:40:50 --> Session: Class initialized using 'CodeIgniter\Session\Handlers\FileHandler' driver.
INFO - 2024-01-29 01:44:10 --> Session: Class initialized using 'CodeIgniter\Session\Handlers\FileHandler' driver.
INFO - 2024-01-29 01:54:26 --> Session: Class initialized using 'CodeIgniter\Session\Handlers\FileHandler' driver.
INFO - 2024-01-29 01:55:19 --> Session: Class initialized using 'CodeIgniter\Session\Handlers\FileHandler' driver.
INFO - 2024-01-29 01:55:32 --> Session: Class initialized using 'CodeIgniter\Session\Handlers\FileHandler' driver.
INFO - 2024-01-29 01:59:30 --> Session: Class initialized using 'CodeIgniter\Session\Handlers\FileHandler' driver.
CRITICAL - 2024-01-29 01:59:30 --> Undefined array key "id_barang"
in APPPATH\Views\users\penjualan_tambah.php on line 49.
 1 APPPATH\Views\users\penjualan_tambah.php(49): CodeIgniter\Debug\Exceptions->errorHandler(2, 'Undefined array key "id_barang"', 'C:\\Users\\samid\\Documents\\program\\codeigniter\\4\\ci4_penjualan\\app\\Views\\users\\penjualan_tambah.php', 49)
 2 SYSTEMPATH\View\View.php(226): include('C:\\Users\\samid\\Documents\\program\\codeigniter\\4\\ci4_penjualan\\app\\Views\\users\\penjualan_tambah.php')
 3 SYSTEMPATH\View\View.php(229): CodeIgniter\View\View->CodeIgniter\View\{closure}()
 4 SYSTEMPATH\Common.php(1178): CodeIgniter\View\View->render('users/penjualan_tambah', [], true)
 5 APPPATH\Controllers\Users\PenjualanController.php(78): view('users/penjualan_tambah', [...])
 6 SYSTEMPATH\CodeIgniter.php(915): App\Controllers\Users\PenjualanController->index2()
 7 SYSTEMPATH\CodeIgniter.php(492): CodeIgniter\CodeIgniter->runController(Object(App\Controllers\Users\PenjualanController))
 8 SYSTEMPATH\CodeIgniter.php(353): CodeIgniter\CodeIgniter->handleRequest(null, Object(Config\Cache), false)
 9 FCPATH\index.php(79): CodeIgniter\CodeIgniter->run()
10 SYSTEMPATH\Commands\Server\rewrite.php(47): require_once('C:\\Users\\samid\\Documents\\program\\codeigniter\\4\\ci4_penjualan\\public\\index.php')
INFO - 2024-01-29 01:59:43 --> Session: Class initialized using 'CodeIgniter\Session\Handlers\FileHandler' driver.
INFO - 2024-01-29 02:05:45 --> Session: Class initialized using 'CodeIgniter\Session\Handlers\FileHandler' driver.
INFO - 2024-01-29 02:07:24 --> Session: Class initialized using 'CodeIgniter\Session\Handlers\FileHandler' driver.
INFO - 2024-01-29 02:07:31 --> Session: Class initialized using 'CodeIgniter\Session\Handlers\FileHandler' driver.
INFO - 2024-01-29 02:10:59 --> Session: Class initialized using 'CodeIgniter\Session\Handlers\FileHandler' driver.
INFO - 2024-01-29 02:11:30 --> Session: Class initialized using 'CodeIgniter\Session\Handlers\FileHandler' driver.
INFO - 2024-01-29 02:12:46 --> Session: Class initialized using 'CodeIgniter\Session\Handlers\FileHandler' driver.
INFO - 2024-01-29 02:54:46 --> Session: Class initialized using 'CodeIgniter\Session\Handlers\FileHandler' driver.
INFO - 2024-01-29 02:54:49 --> Session: Class initialized using 'CodeIgniter\Session\Handlers\FileHandler' driver.
CRITICAL - 2024-01-29 02:55:05 --> Trying to access array offset on value of type int
in APPPATH\Controllers\Users\PenjualanController.php on line 120.
 1 APPPATH\Controllers\Users\PenjualanController.php(120): CodeIgniter\Debug\Exceptions->errorHandler(2, 'Trying to access array offset on value of type int', 'C:\\Users\\samid\\Documents\\program\\codeigniter\\4\\ci4_penjualan\\app\\Controllers\\Users\\PenjualanController.php', 120)
 2 SYSTEMPATH\CodeIgniter.php(915): App\Controllers\Users\PenjualanController->post()
 3 SYSTEMPATH\CodeIgniter.php(492): CodeIgniter\CodeIgniter->runController(Object(App\Controllers\Users\PenjualanController))
 4 SYSTEMPATH\CodeIgniter.php(353): CodeIgniter\CodeIgniter->handleRequest(null, Object(Config\Cache), false)
 5 FCPATH\index.php(79): CodeIgniter\CodeIgniter->run()
 6 SYSTEMPATH\Commands\Server\rewrite.php(47): require_once('C:\\Users\\samid\\Documents\\program\\codeigniter\\4\\ci4_penjualan\\public\\index.php')
INFO - 2024-01-29 02:56:05 --> Session: Class initialized using 'CodeIgniter\Session\Handlers\FileHandler' driver.
INFO - 2024-01-29 02:56:09 --> Session: Class initialized using 'CodeIgniter\Session\Handlers\FileHandler' driver.
INFO - 2024-01-29 02:57:50 --> Session: Class initialized using 'CodeIgniter\Session\Handlers\FileHandler' driver.
INFO - 2024-01-29 02:57:54 --> Session: Class initialized using 'CodeIgniter\Session\Handlers\FileHandler' driver.
CRITICAL - 2024-01-29 02:58:38 --> Trying to access array offset on value of type int
in APPPATH\Controllers\Users\PenjualanController.php on line 121.
 1 APPPATH\Controllers\Users\PenjualanController.php(121): CodeIgniter\Debug\Exceptions->errorHandler(2, 'Trying to access array offset on value of type int', 'C:\\Users\\samid\\Documents\\program\\codeigniter\\4\\ci4_penjualan\\app\\Controllers\\Users\\PenjualanController.php', 121)
 2 SYSTEMPATH\CodeIgniter.php(915): App\Controllers\Users\PenjualanController->post()
 3 SYSTEMPATH\CodeIgniter.php(492): CodeIgniter\CodeIgniter->runController(Object(App\Controllers\Users\PenjualanController))
 4 SYSTEMPATH\CodeIgniter.php(353): CodeIgniter\CodeIgniter->handleRequest(null, Object(Config\Cache), false)
 5 FCPATH\index.php(79): CodeIgniter\CodeIgniter->run()
 6 SYSTEMPATH\Commands\Server\rewrite.php(47): require_once('C:\\Users\\samid\\Documents\\program\\codeigniter\\4\\ci4_penjualan\\public\\index.php')
INFO - 2024-01-29 03:02:06 --> Session: Class initialized using 'CodeIgniter\Session\Handlers\FileHandler' driver.
INFO - 2024-01-29 03:02:10 --> Session: Class initialized using 'CodeIgniter\Session\Handlers\FileHandler' driver.
CRITICAL - 2024-01-29 03:02:37 --> Trying to access array offset on value of type int
in APPPATH\Controllers\Users\PenjualanController.php on line 121.
 1 APPPATH\Controllers\Users\PenjualanController.php(121): CodeIgniter\Debug\Exceptions->errorHandler(2, 'Trying to access array offset on value of type int', 'C:\\Users\\samid\\Documents\\program\\codeigniter\\4\\ci4_penjualan\\app\\Controllers\\Users\\PenjualanController.php', 121)
 2 SYSTEMPATH\CodeIgniter.php(915): App\Controllers\Users\PenjualanController->post()
 3 SYSTEMPATH\CodeIgniter.php(492): CodeIgniter\CodeIgniter->runController(Object(App\Controllers\Users\PenjualanController))
 4 SYSTEMPATH\CodeIgniter.php(353): CodeIgniter\CodeIgniter->handleRequest(null, Object(Config\Cache), false)
 5 FCPATH\index.php(79): CodeIgniter\CodeIgniter->run()
 6 SYSTEMPATH\Commands\Server\rewrite.php(47): require_once('C:\\Users\\samid\\Documents\\program\\codeigniter\\4\\ci4_penjualan\\public\\index.php')
CRITICAL - 2024-01-29 03:03:06 --> Trying to access array offset on value of type int
in APPPATH\Controllers\Users\PenjualanController.php on line 121.
 1 APPPATH\Controllers\Users\PenjualanController.php(121): CodeIgniter\Debug\Exceptions->errorHandler(2, 'Trying to access array offset on value of type int', 'C:\\Users\\samid\\Documents\\program\\codeigniter\\4\\ci4_penjualan\\app\\Controllers\\Users\\PenjualanController.php', 121)
 2 SYSTEMPATH\CodeIgniter.php(915): App\Controllers\Users\PenjualanController->post()
 3 SYSTEMPATH\CodeIgniter.php(492): CodeIgniter\CodeIgniter->runController(Object(App\Controllers\Users\PenjualanController))
 4 SYSTEMPATH\CodeIgniter.php(353): CodeIgniter\CodeIgniter->handleRequest(null, Object(Config\Cache), false)
 5 FCPATH\index.php(79): CodeIgniter\CodeIgniter->run()
 6 SYSTEMPATH\Commands\Server\rewrite.php(47): require_once('C:\\Users\\samid\\Documents\\program\\codeigniter\\4\\ci4_penjualan\\public\\index.php')
ERROR - 2024-01-29 03:08:16 --> mysqli_sql_exception: Cannot add or update a child row: a foreign key constraint fails (`ci4_tekkindo`.`transaksi_item`, CONSTRAINT `FK_transaksi_item_transaksi` FOREIGN KEY (`id_transaksi`) REFERENCES `transaksi` (`id_transaksi`)) in C:\Users\samid\Documents\program\codeigniter\4\ci4_penjualan\system\Database\MySQLi\Connection.php:306
Stack trace:
#0 C:\Users\samid\Documents\program\codeigniter\4\ci4_penjualan\system\Database\MySQLi\Connection.php(306): mysqli->query('INSERT INTO `tr...', 0)
#1 C:\Users\samid\Documents\program\codeigniter\4\ci4_penjualan\system\Database\BaseConnection.php(692): CodeIgniter\Database\MySQLi\Connection->execute('INSERT INTO `tr...')
#2 C:\Users\samid\Documents\program\codeigniter\4\ci4_penjualan\system\Database\BaseConnection.php(606): CodeIgniter\Database\BaseConnection->simpleQuery('INSERT INTO `tr...')
#3 C:\Users\samid\Documents\program\codeigniter\4\ci4_penjualan\system\Database\BaseBuilder.php(1801): CodeIgniter\Database\BaseConnection->query('INSERT INTO `tr...', NULL, false)
#4 C:\Users\samid\Documents\program\codeigniter\4\ci4_penjualan\system\Database\BaseBuilder.php(2192): CodeIgniter\Database\BaseBuilder->batchExecute('_insertBatch', 100)
#5 C:\Users\samid\Documents\program\codeigniter\4\ci4_penjualan\system\Model.php(353): CodeIgniter\Database\BaseBuilder->insertBatch(Array, NULL, 100)
#6 C:\Users\samid\Documents\program\codeigniter\4\ci4_penjualan\system\BaseModel.php(880): CodeIgniter\Model->doInsertBatch(Array, NULL, 100, false)
#7 C:\Users\samid\Documents\program\codeigniter\4\ci4_penjualan\app\Controllers\Users\PenjualanController.php(138): CodeIgniter\BaseModel->insertBatch(Array)
#8 C:\Users\samid\Documents\program\codeigniter\4\ci4_penjualan\system\CodeIgniter.php(915): App\Controllers\Users\PenjualanController->post()
#9 C:\Users\samid\Documents\program\codeigniter\4\ci4_penjualan\system\CodeIgniter.php(492): CodeIgniter\CodeIgniter->runController(Object(App\Controllers\Users\PenjualanController))
#10 C:\Users\samid\Documents\program\codeigniter\4\ci4_penjualan\system\CodeIgniter.php(353): CodeIgniter\CodeIgniter->handleRequest(NULL, Object(Config\Cache), false)
#11 C:\Users\samid\Documents\program\codeigniter\4\ci4_penjualan\public\index.php(79): CodeIgniter\CodeIgniter->run()
#12 C:\Users\samid\Documents\program\codeigniter\4\ci4_penjualan\system\Commands\Server\rewrite.php(47): require_once('C:\\Users\\samid\\...')
#13 {main}
CRITICAL - 2024-01-29 03:08:16 --> Cannot add or update a child row: a foreign key constraint fails (`ci4_tekkindo`.`transaksi_item`, CONSTRAINT `FK_transaksi_item_transaksi` FOREIGN KEY (`id_transaksi`) REFERENCES `transaksi` (`id_transaksi`))
in SYSTEMPATH\Database\BaseConnection.php on line 646.
 1 SYSTEMPATH\Database\BaseBuilder.php(1801): CodeIgniter\Database\BaseConnection->query('INSERT INTO `transaksi_item` (`created_at`, `harga`, `id_barang`, `id_transaksi`, `jumlah`, `keterangan`, `kode`, `nama`, `updated_at`)
VALUES (\'2024-01-29 03:08:16\',\'70\',\'1\',1,\'1\',\'11\',\'111\',\'111\',\'2024-01-29 03:08:16\'), (\'2024-01-29 03:08:16\',\'30\',\'1\',1,\'1\',\'11\',\'111\',\'111\',\'2024-01-29 03:08:16\')', null, false)
 2 SYSTEMPATH\Database\BaseBuilder.php(2192): CodeIgniter\Database\BaseBuilder->batchExecute('_insertBatch', 100)
 3 SYSTEMPATH\Model.php(353): CodeIgniter\Database\BaseBuilder->insertBatch([...], null, 100)
 4 SYSTEMPATH\BaseModel.php(880): CodeIgniter\Model->doInsertBatch([...], null, 100, false)
 5 APPPATH\Controllers\Users\PenjualanController.php(138): CodeIgniter\BaseModel->insertBatch([...])
 6 SYSTEMPATH\CodeIgniter.php(915): App\Controllers\Users\PenjualanController->post()
 7 SYSTEMPATH\CodeIgniter.php(492): CodeIgniter\CodeIgniter->runController(Object(App\Controllers\Users\PenjualanController))
 8 SYSTEMPATH\CodeIgniter.php(353): CodeIgniter\CodeIgniter->handleRequest(null, Object(Config\Cache), false)
 9 FCPATH\index.php(79): CodeIgniter\CodeIgniter->run()
10 SYSTEMPATH\Commands\Server\rewrite.php(47): require_once('C:\\Users\\samid\\Documents\\program\\codeigniter\\4\\ci4_penjualan\\public\\index.php')
ERROR - 2024-01-29 03:09:38 --> mysqli_sql_exception: Unknown column 'tipe' in 'field list' in C:\Users\samid\Documents\program\codeigniter\4\ci4_penjualan\system\Database\MySQLi\Connection.php:306
Stack trace:
#0 C:\Users\samid\Documents\program\codeigniter\4\ci4_penjualan\system\Database\MySQLi\Connection.php(306): mysqli->query('UPDATE `custome...', 0)
#1 C:\Users\samid\Documents\program\codeigniter\4\ci4_penjualan\system\Database\BaseConnection.php(692): CodeIgniter\Database\MySQLi\Connection->execute('UPDATE `custome...')
#2 C:\Users\samid\Documents\program\codeigniter\4\ci4_penjualan\system\Database\BaseConnection.php(606): CodeIgniter\Database\BaseConnection->simpleQuery('UPDATE `custome...')
#3 C:\Users\samid\Documents\program\codeigniter\4\ci4_penjualan\system\Database\BaseBuilder.php(2476): CodeIgniter\Database\BaseConnection->query('UPDATE `custome...', Array, false)
#4 C:\Users\samid\Documents\program\codeigniter\4\ci4_penjualan\system\Model.php(385): CodeIgniter\Database\BaseBuilder->update()
#5 C:\Users\samid\Documents\program\codeigniter\4\ci4_penjualan\system\BaseModel.php(949): CodeIgniter\Model->doUpdate(Array, Array)
#6 C:\Users\samid\Documents\program\codeigniter\4\ci4_penjualan\system\Model.php(776): CodeIgniter\BaseModel->update(Array, Array)
#7 C:\Users\samid\Documents\program\codeigniter\4\ci4_penjualan\system\BaseModel.php(696): CodeIgniter\Model->update('1', Array)
#8 C:\Users\samid\Documents\program\codeigniter\4\ci4_penjualan\app\Controllers\Users\PenjualanController.php(139): CodeIgniter\BaseModel->save(Array)
#9 C:\Users\samid\Documents\program\codeigniter\4\ci4_penjualan\system\CodeIgniter.php(915): App\Controllers\Users\PenjualanController->post()
#10 C:\Users\samid\Documents\program\codeigniter\4\ci4_penjualan\system\CodeIgniter.php(492): CodeIgniter\CodeIgniter->runController(Object(App\Controllers\Users\PenjualanController))
#11 C:\Users\samid\Documents\program\codeigniter\4\ci4_penjualan\system\CodeIgniter.php(353): CodeIgniter\CodeIgniter->handleRequest(NULL, Object(Config\Cache), false)
#12 C:\Users\samid\Documents\program\codeigniter\4\ci4_penjualan\public\index.php(79): CodeIgniter\CodeIgniter->run()
#13 C:\Users\samid\Documents\program\codeigniter\4\ci4_penjualan\system\Commands\Server\rewrite.php(47): require_once('C:\\Users\\samid\\...')
#14 {main}
CRITICAL - 2024-01-29 03:09:38 --> Unknown column 'tipe' in 'field list'
in SYSTEMPATH\Database\BaseConnection.php on line 646.
 1 SYSTEMPATH\Database\BaseBuilder.php(2476): CodeIgniter\Database\BaseConnection->query('UPDATE `customer` SET `id_customer` = :id_customer:, `tipe` = :tipe:, `kode` = :kode:, `nama` = :nama:, `faktur` = :faktur:, `faktur_tgl` = :faktur_tgl:, `po` = :po:, `alamat` = :alamat:, `id_barang` = :id_barang:, `subtotal` = :subtotal:, `ppn` = :ppn:, `total` = :total:, `updated_at` = :updated_at:
WHERE `customer`.`id_customer` IN :customer.id_customer:', [...], false)
 2 SYSTEMPATH\Model.php(385): CodeIgniter\Database\BaseBuilder->update()
 3 SYSTEMPATH\BaseModel.php(949): CodeIgniter\Model->doUpdate([...], [...])
 4 SYSTEMPATH\Model.php(776): CodeIgniter\BaseModel->update([...], [...])
 5 SYSTEMPATH\BaseModel.php(696): CodeIgniter\Model->update('1', [...])
 6 APPPATH\Controllers\Users\PenjualanController.php(139): CodeIgniter\BaseModel->save([...])
 7 SYSTEMPATH\CodeIgniter.php(915): App\Controllers\Users\PenjualanController->post()
 8 SYSTEMPATH\CodeIgniter.php(492): CodeIgniter\CodeIgniter->runController(Object(App\Controllers\Users\PenjualanController))
 9 SYSTEMPATH\CodeIgniter.php(353): CodeIgniter\CodeIgniter->handleRequest(null, Object(Config\Cache), false)
10 FCPATH\index.php(79): CodeIgniter\CodeIgniter->run()
11 SYSTEMPATH\Commands\Server\rewrite.php(47): require_once('C:\\Users\\samid\\Documents\\program\\codeigniter\\4\\ci4_penjualan\\public\\index.php')
ERROR - 2024-01-29 03:10:17 --> mysqli_sql_exception: Unknown column 'tipe' in 'field list' in C:\Users\samid\Documents\program\codeigniter\4\ci4_penjualan\system\Database\MySQLi\Connection.php:306
Stack trace:
#0 C:\Users\samid\Documents\program\codeigniter\4\ci4_penjualan\system\Database\MySQLi\Connection.php(306): mysqli->query('UPDATE `custome...', 0)
#1 C:\Users\samid\Documents\program\codeigniter\4\ci4_penjualan\system\Database\BaseConnection.php(692): CodeIgniter\Database\MySQLi\Connection->execute('UPDATE `custome...')
#2 C:\Users\samid\Documents\program\codeigniter\4\ci4_penjualan\system\Database\BaseConnection.php(606): CodeIgniter\Database\BaseConnection->simpleQuery('UPDATE `custome...')
#3 C:\Users\samid\Documents\program\codeigniter\4\ci4_penjualan\system\Database\BaseBuilder.php(2476): CodeIgniter\Database\BaseConnection->query('UPDATE `custome...', Array, false)
#4 C:\Users\samid\Documents\program\codeigniter\4\ci4_penjualan\system\Model.php(385): CodeIgniter\Database\BaseBuilder->update()
#5 C:\Users\samid\Documents\program\codeigniter\4\ci4_penjualan\system\BaseModel.php(949): CodeIgniter\Model->doUpdate(Array, Array)
#6 C:\Users\samid\Documents\program\codeigniter\4\ci4_penjualan\system\Model.php(776): CodeIgniter\BaseModel->update(Array, Array)
#7 C:\Users\samid\Documents\program\codeigniter\4\ci4_penjualan\system\BaseModel.php(696): CodeIgniter\Model->update('1', Array)
#8 C:\Users\samid\Documents\program\codeigniter\4\ci4_penjualan\app\Controllers\Users\PenjualanController.php(139): CodeIgniter\BaseModel->save(Array)
#9 C:\Users\samid\Documents\program\codeigniter\4\ci4_penjualan\system\CodeIgniter.php(915): App\Controllers\Users\PenjualanController->post()
#10 C:\Users\samid\Documents\program\codeigniter\4\ci4_penjualan\system\CodeIgniter.php(492): CodeIgniter\CodeIgniter->runController(Object(App\Controllers\Users\PenjualanController))
#11 C:\Users\samid\Documents\program\codeigniter\4\ci4_penjualan\system\CodeIgniter.php(353): CodeIgniter\CodeIgniter->handleRequest(NULL, Object(Config\Cache), false)
#12 C:\Users\samid\Documents\program\codeigniter\4\ci4_penjualan\public\index.php(79): CodeIgniter\CodeIgniter->run()
#13 C:\Users\samid\Documents\program\codeigniter\4\ci4_penjualan\system\Commands\Server\rewrite.php(47): require_once('C:\\Users\\samid\\...')
#14 {main}
CRITICAL - 2024-01-29 03:10:17 --> Unknown column 'tipe' in 'field list'
in SYSTEMPATH\Database\BaseConnection.php on line 646.
 1 SYSTEMPATH\Database\BaseBuilder.php(2476): CodeIgniter\Database\BaseConnection->query('UPDATE `customer` SET `id_customer` = :id_customer:, `tipe` = :tipe:, `kode` = :kode:, `nama` = :nama:, `faktur` = :faktur:, `faktur_tgl` = :faktur_tgl:, `po` = :po:, `alamat` = :alamat:, `id_barang` = :id_barang:, `subtotal` = :subtotal:, `ppn` = :ppn:, `total` = :total:, `updated_at` = :updated_at:
WHERE `customer`.`id_customer` IN :customer.id_customer:', [...], false)
 2 SYSTEMPATH\Model.php(385): CodeIgniter\Database\BaseBuilder->update()
 3 SYSTEMPATH\BaseModel.php(949): CodeIgniter\Model->doUpdate([...], [...])
 4 SYSTEMPATH\Model.php(776): CodeIgniter\BaseModel->update([...], [...])
 5 SYSTEMPATH\BaseModel.php(696): CodeIgniter\Model->update('1', [...])
 6 APPPATH\Controllers\Users\PenjualanController.php(139): CodeIgniter\BaseModel->save([...])
 7 SYSTEMPATH\CodeIgniter.php(915): App\Controllers\Users\PenjualanController->post()
 8 SYSTEMPATH\CodeIgniter.php(492): CodeIgniter\CodeIgniter->runController(Object(App\Controllers\Users\PenjualanController))
 9 SYSTEMPATH\CodeIgniter.php(353): CodeIgniter\CodeIgniter->handleRequest(null, Object(Config\Cache), false)
10 FCPATH\index.php(79): CodeIgniter\CodeIgniter->run()
11 SYSTEMPATH\Commands\Server\rewrite.php(47): require_once('C:\\Users\\samid\\Documents\\program\\codeigniter\\4\\ci4_penjualan\\public\\index.php')
ERROR - 2024-01-29 03:11:40 --> mysqli_sql_exception: Unknown column 'id_barang' in 'field list' in C:\Users\samid\Documents\program\codeigniter\4\ci4_penjualan\system\Database\MySQLi\Connection.php:306
Stack trace:
#0 C:\Users\samid\Documents\program\codeigniter\4\ci4_penjualan\system\Database\MySQLi\Connection.php(306): mysqli->query('INSERT INTO `tr...', 0)
#1 C:\Users\samid\Documents\program\codeigniter\4\ci4_penjualan\system\Database\BaseConnection.php(692): CodeIgniter\Database\MySQLi\Connection->execute('INSERT INTO `tr...')
#2 C:\Users\samid\Documents\program\codeigniter\4\ci4_penjualan\system\Database\BaseConnection.php(606): CodeIgniter\Database\BaseConnection->simpleQuery('INSERT INTO `tr...')
#3 C:\Users\samid\Documents\program\codeigniter\4\ci4_penjualan\system\Database\BaseBuilder.php(2309): CodeIgniter\Database\BaseConnection->query('INSERT INTO `tr...', Array, false)
#4 C:\Users\samid\Documents\program\codeigniter\4\ci4_penjualan\system\Model.php(319): CodeIgniter\Database\BaseBuilder->insert()
#5 C:\Users\samid\Documents\program\codeigniter\4\ci4_penjualan\system\BaseModel.php(788): CodeIgniter\Model->doInsert(Array)
#6 C:\Users\samid\Documents\program\codeigniter\4\ci4_penjualan\system\Model.php(715): CodeIgniter\BaseModel->insert(Array, false)
#7 C:\Users\samid\Documents\program\codeigniter\4\ci4_penjualan\system\BaseModel.php(698): CodeIgniter\Model->insert(Array, false)
#8 C:\Users\samid\Documents\program\codeigniter\4\ci4_penjualan\app\Controllers\Users\PenjualanController.php(139): CodeIgniter\BaseModel->save(Array)
#9 C:\Users\samid\Documents\program\codeigniter\4\ci4_penjualan\system\CodeIgniter.php(915): App\Controllers\Users\PenjualanController->post()
#10 C:\Users\samid\Documents\program\codeigniter\4\ci4_penjualan\system\CodeIgniter.php(492): CodeIgniter\CodeIgniter->runController(Object(App\Controllers\Users\PenjualanController))
#11 C:\Users\samid\Documents\program\codeigniter\4\ci4_penjualan\system\CodeIgniter.php(353): CodeIgniter\CodeIgniter->handleRequest(NULL, Object(Config\Cache), false)
#12 C:\Users\samid\Documents\program\codeigniter\4\ci4_penjualan\public\index.php(79): CodeIgniter\CodeIgniter->run()
#13 C:\Users\samid\Documents\program\codeigniter\4\ci4_penjualan\system\Commands\Server\rewrite.php(47): require_once('C:\\Users\\samid\\...')
#14 {main}
CRITICAL - 2024-01-29 03:11:40 --> Unknown column 'id_barang' in 'field list'
in SYSTEMPATH\Database\BaseConnection.php on line 646.
 1 SYSTEMPATH\Database\BaseBuilder.php(2309): CodeIgniter\Database\BaseConnection->query('INSERT INTO `transaksi` (`id_customer`, `tipe`, `kode`, `nama`, `faktur`, `faktur_tgl`, `po`, `alamat`, `id_barang`, `subtotal`, `ppn`, `total`, `created_at`, `updated_at`) VALUES (:id_customer:, :tipe:, :kode:, :nama:, :faktur:, :faktur_tgl:, :po:, :alamat:, :id_barang:, :subtotal:, :ppn:, :total:, :created_at:, :updated_at:)', [...], false)
 2 SYSTEMPATH\Model.php(319): CodeIgniter\Database\BaseBuilder->insert()
 3 SYSTEMPATH\BaseModel.php(788): CodeIgniter\Model->doInsert([...])
 4 SYSTEMPATH\Model.php(715): CodeIgniter\BaseModel->insert([...], false)
 5 SYSTEMPATH\BaseModel.php(698): CodeIgniter\Model->insert([...], false)
 6 APPPATH\Controllers\Users\PenjualanController.php(139): CodeIgniter\BaseModel->save([...])
 7 SYSTEMPATH\CodeIgniter.php(915): App\Controllers\Users\PenjualanController->post()
 8 SYSTEMPATH\CodeIgniter.php(492): CodeIgniter\CodeIgniter->runController(Object(App\Controllers\Users\PenjualanController))
 9 SYSTEMPATH\CodeIgniter.php(353): CodeIgniter\CodeIgniter->handleRequest(null, Object(Config\Cache), false)
10 FCPATH\index.php(79): CodeIgniter\CodeIgniter->run()
11 SYSTEMPATH\Commands\Server\rewrite.php(47): require_once('C:\\Users\\samid\\Documents\\program\\codeigniter\\4\\ci4_penjualan\\public\\index.php')
ERROR - 2024-01-29 03:12:51 --> mysqli_sql_exception: Unknown column 'id_barang' in 'field list' in C:\Users\samid\Documents\program\codeigniter\4\ci4_penjualan\system\Database\MySQLi\Connection.php:306
Stack trace:
#0 C:\Users\samid\Documents\program\codeigniter\4\ci4_penjualan\system\Database\MySQLi\Connection.php(306): mysqli->query('INSERT INTO `tr...', 0)
#1 C:\Users\samid\Documents\program\codeigniter\4\ci4_penjualan\system\Database\BaseConnection.php(692): CodeIgniter\Database\MySQLi\Connection->execute('INSERT INTO `tr...')
#2 C:\Users\samid\Documents\program\codeigniter\4\ci4_penjualan\system\Database\BaseConnection.php(606): CodeIgniter\Database\BaseConnection->simpleQuery('INSERT INTO `tr...')
#3 C:\Users\samid\Documents\program\codeigniter\4\ci4_penjualan\system\Database\BaseBuilder.php(2309): CodeIgniter\Database\BaseConnection->query('INSERT INTO `tr...', Array, false)
#4 C:\Users\samid\Documents\program\codeigniter\4\ci4_penjualan\system\Model.php(319): CodeIgniter\Database\BaseBuilder->insert()
#5 C:\Users\samid\Documents\program\codeigniter\4\ci4_penjualan\system\BaseModel.php(788): CodeIgniter\Model->doInsert(Array)
#6 C:\Users\samid\Documents\program\codeigniter\4\ci4_penjualan\system\Model.php(715): CodeIgniter\BaseModel->insert(Array, false)
#7 C:\Users\samid\Documents\program\codeigniter\4\ci4_penjualan\system\BaseModel.php(698): CodeIgniter\Model->insert(Array, false)
#8 C:\Users\samid\Documents\program\codeigniter\4\ci4_penjualan\app\Controllers\Users\PenjualanController.php(139): CodeIgniter\BaseModel->save(Array)
#9 C:\Users\samid\Documents\program\codeigniter\4\ci4_penjualan\system\CodeIgniter.php(915): App\Controllers\Users\PenjualanController->post()
#10 C:\Users\samid\Documents\program\codeigniter\4\ci4_penjualan\system\CodeIgniter.php(492): CodeIgniter\CodeIgniter->runController(Object(App\Controllers\Users\PenjualanController))
#11 C:\Users\samid\Documents\program\codeigniter\4\ci4_penjualan\system\CodeIgniter.php(353): CodeIgniter\CodeIgniter->handleRequest(NULL, Object(Config\Cache), false)
#12 C:\Users\samid\Documents\program\codeigniter\4\ci4_penjualan\public\index.php(79): CodeIgniter\CodeIgniter->run()
#13 C:\Users\samid\Documents\program\codeigniter\4\ci4_penjualan\system\Commands\Server\rewrite.php(47): require_once('C:\\Users\\samid\\...')
#14 {main}
CRITICAL - 2024-01-29 03:12:51 --> Unknown column 'id_barang' in 'field list'
in SYSTEMPATH\Database\BaseConnection.php on line 646.
 1 SYSTEMPATH\Database\BaseBuilder.php(2309): CodeIgniter\Database\BaseConnection->query('INSERT INTO `transaksi` (`id_customer`, `tipe`, `kode`, `nama`, `faktur`, `faktur_tgl`, `po`, `alamat`, `id_barang`, `subtotal`, `ppn`, `total`, `created_at`, `updated_at`) VALUES (:id_customer:, :tipe:, :kode:, :nama:, :faktur:, :faktur_tgl:, :po:, :alamat:, :id_barang:, :subtotal:, :ppn:, :total:, :created_at:, :updated_at:)', [...], false)
 2 SYSTEMPATH\Model.php(319): CodeIgniter\Database\BaseBuilder->insert()
 3 SYSTEMPATH\BaseModel.php(788): CodeIgniter\Model->doInsert([...])
 4 SYSTEMPATH\Model.php(715): CodeIgniter\BaseModel->insert([...], false)
 5 SYSTEMPATH\BaseModel.php(698): CodeIgniter\Model->insert([...], false)
 6 APPPATH\Controllers\Users\PenjualanController.php(139): CodeIgniter\BaseModel->save([...])
 7 SYSTEMPATH\CodeIgniter.php(915): App\Controllers\Users\PenjualanController->post()
 8 SYSTEMPATH\CodeIgniter.php(492): CodeIgniter\CodeIgniter->runController(Object(App\Controllers\Users\PenjualanController))
 9 SYSTEMPATH\CodeIgniter.php(353): CodeIgniter\CodeIgniter->handleRequest(null, Object(Config\Cache), false)
10 FCPATH\index.php(79): CodeIgniter\CodeIgniter->run()
11 SYSTEMPATH\Commands\Server\rewrite.php(47): require_once('C:\\Users\\samid\\Documents\\program\\codeigniter\\4\\ci4_penjualan\\public\\index.php')
INFO - 2024-01-29 03:14:11 --> Session: Class initialized using 'CodeIgniter\Session\Handlers\FileHandler' driver.
INFO - 2024-01-29 03:14:11 --> Session: Class initialized using 'CodeIgniter\Session\Handlers\FileHandler' driver.
ERROR - 2024-01-29 03:14:48 --> mysqli_sql_exception: Unknown column 't.type' in 'where clause' in C:\Users\samid\Documents\program\codeigniter\4\ci4_penjualan\system\Database\MySQLi\Connection.php:306
Stack trace:
#0 C:\Users\samid\Documents\program\codeigniter\4\ci4_penjualan\system\Database\MySQLi\Connection.php(306): mysqli->query('SELECT `t`.*, `...', 0)
#1 C:\Users\samid\Documents\program\codeigniter\4\ci4_penjualan\system\Database\BaseConnection.php(692): CodeIgniter\Database\MySQLi\Connection->execute('SELECT `t`.*, `...')
#2 C:\Users\samid\Documents\program\codeigniter\4\ci4_penjualan\system\Database\BaseConnection.php(606): CodeIgniter\Database\BaseConnection->simpleQuery('SELECT `t`.*, `...')
#3 C:\Users\samid\Documents\program\codeigniter\4\ci4_penjualan\system\Database\BaseBuilder.php(1616): CodeIgniter\Database\BaseConnection->query('SELECT `t`.*, `...', Array, false)
#4 C:\Users\samid\Documents\program\codeigniter\4\ci4_penjualan\app\Controllers\Users\PenjualanController.php(51): CodeIgniter\Database\BaseBuilder->get()
#5 C:\Users\samid\Documents\program\codeigniter\4\ci4_penjualan\system\CodeIgniter.php(915): App\Controllers\Users\PenjualanController->index()
#6 C:\Users\samid\Documents\program\codeigniter\4\ci4_penjualan\system\CodeIgniter.php(492): CodeIgniter\CodeIgniter->runController(Object(App\Controllers\Users\PenjualanController))
#7 C:\Users\samid\Documents\program\codeigniter\4\ci4_penjualan\system\CodeIgniter.php(353): CodeIgniter\CodeIgniter->handleRequest(NULL, Object(Config\Cache), false)
#8 C:\Users\samid\Documents\program\codeigniter\4\ci4_penjualan\public\index.php(79): CodeIgniter\CodeIgniter->run()
#9 C:\Users\samid\Documents\program\codeigniter\4\ci4_penjualan\system\Commands\Server\rewrite.php(47): require_once('C:\\Users\\samid\\...')
#10 {main}
CRITICAL - 2024-01-29 03:14:48 --> Unknown column 't.type' in 'where clause'
in SYSTEMPATH\Database\BaseConnection.php on line 646.
 1 SYSTEMPATH\Database\BaseBuilder.php(1616): CodeIgniter\Database\BaseConnection->query('SELECT `t`.*, `ti`.*
FROM `transaksi` as `t`
JOIN `transaksi_item` as `ti` ON `ti`.`id_transaksi` = `t`.`id_transaksi`
WHERE `t`.`deleted_at` IS NULL
AND `ti`.`deleted_at` IS NULL
AND `t`.`type` = :t.type:', [...], false)
 2 APPPATH\Controllers\Users\PenjualanController.php(51): CodeIgniter\Database\BaseBuilder->get()
 3 SYSTEMPATH\CodeIgniter.php(915): App\Controllers\Users\PenjualanController->index()
 4 SYSTEMPATH\CodeIgniter.php(492): CodeIgniter\CodeIgniter->runController(Object(App\Controllers\Users\PenjualanController))
 5 SYSTEMPATH\CodeIgniter.php(353): CodeIgniter\CodeIgniter->handleRequest(null, Object(Config\Cache), false)
 6 FCPATH\index.php(79): CodeIgniter\CodeIgniter->run()
 7 SYSTEMPATH\Commands\Server\rewrite.php(47): require_once('C:\\Users\\samid\\Documents\\program\\codeigniter\\4\\ci4_penjualan\\public\\index.php')
INFO - 2024-01-29 03:15:09 --> Session: Class initialized using 'CodeIgniter\Session\Handlers\FileHandler' driver.
INFO - 2024-01-29 09:19:54 --> Session: Class initialized using 'CodeIgniter\Session\Handlers\FileHandler' driver.
INFO - 2024-01-29 09:19:56 --> Session: Class initialized using 'CodeIgniter\Session\Handlers\FileHandler' driver.
INFO - 2024-01-29 09:29:30 --> Session: Class initialized using 'CodeIgniter\Session\Handlers\FileHandler' driver.
INFO - 2024-01-29 09:45:59 --> Session: Class initialized using 'CodeIgniter\Session\Handlers\FileHandler' driver.
CRITICAL - 2024-01-29 09:45:59 --> Undefined array key "tgl_faktur"
in APPPATH\Views\users\penjualan_index.php on line 119.
 1 APPPATH\Views\users\penjualan_index.php(119): CodeIgniter\Debug\Exceptions->errorHandler(2, 'Undefined array key "tgl_faktur"', 'C:\\Users\\samid\\Documents\\program\\codeigniter\\4\\ci4_penjualan\\app\\Views\\users\\penjualan_index.php', 119)
 2 SYSTEMPATH\View\View.php(226): include('C:\\Users\\samid\\Documents\\program\\codeigniter\\4\\ci4_penjualan\\app\\Views\\users\\penjualan_index.php')
 3 SYSTEMPATH\View\View.php(229): CodeIgniter\View\View->CodeIgniter\View\{closure}()
 4 SYSTEMPATH\Common.php(1178): CodeIgniter\View\View->render('users/penjualan_index', [], true)
 5 APPPATH\Controllers\Users\PenjualanController.php(75): view('users/penjualan_index', [...])
 6 SYSTEMPATH\CodeIgniter.php(915): App\Controllers\Users\PenjualanController->index()
 7 SYSTEMPATH\CodeIgniter.php(492): CodeIgniter\CodeIgniter->runController(Object(App\Controllers\Users\PenjualanController))
 8 SYSTEMPATH\CodeIgniter.php(353): CodeIgniter\CodeIgniter->handleRequest(null, Object(Config\Cache), false)
 9 FCPATH\index.php(79): CodeIgniter\CodeIgniter->run()
10 SYSTEMPATH\Commands\Server\rewrite.php(47): require_once('C:\\Users\\samid\\Documents\\program\\codeigniter\\4\\ci4_penjualan\\public\\index.php')
INFO - 2024-01-29 09:46:10 --> Session: Class initialized using 'CodeIgniter\Session\Handlers\FileHandler' driver.
INFO - 2024-01-29 09:49:42 --> Session: Class initialized using 'CodeIgniter\Session\Handlers\FileHandler' driver.
INFO - 2024-01-29 09:49:55 --> Session: Class initialized using 'CodeIgniter\Session\Handlers\FileHandler' driver.
INFO - 2024-01-29 09:50:20 --> Session: Class initialized using 'CodeIgniter\Session\Handlers\FileHandler' driver.
INFO - 2024-01-29 09:55:00 --> Session: Class initialized using 'CodeIgniter\Session\Handlers\FileHandler' driver.
INFO - 2024-01-29 09:55:40 --> Session: Class initialized using 'CodeIgniter\Session\Handlers\FileHandler' driver.
INFO - 2024-01-29 09:57:04 --> Session: Class initialized using 'CodeIgniter\Session\Handlers\FileHandler' driver.
INFO - 2024-01-29 09:59:18 --> Session: Class initialized using 'CodeIgniter\Session\Handlers\FileHandler' driver.
CRITICAL - 2024-01-29 09:59:18 --> Undefined variable $V2
in APPPATH\Views\users\penjualan_index.php on line 204.
 1 APPPATH\Views\users\penjualan_index.php(204): CodeIgniter\Debug\Exceptions->errorHandler(2, 'Undefined variable $V2', 'C:\\Users\\samid\\Documents\\program\\codeigniter\\4\\ci4_penjualan\\app\\Views\\users\\penjualan_index.php', 204)
 2 SYSTEMPATH\View\View.php(226): include('C:\\Users\\samid\\Documents\\program\\codeigniter\\4\\ci4_penjualan\\app\\Views\\users\\penjualan_index.php')
 3 SYSTEMPATH\View\View.php(229): CodeIgniter\View\View->CodeIgniter\View\{closure}()
 4 SYSTEMPATH\Common.php(1178): CodeIgniter\View\View->render('users/penjualan_index', [], true)
 5 APPPATH\Controllers\Users\PenjualanController.php(75): view('users/penjualan_index', [...])
 6 SYSTEMPATH\CodeIgniter.php(915): App\Controllers\Users\PenjualanController->index()
 7 SYSTEMPATH\CodeIgniter.php(492): CodeIgniter\CodeIgniter->runController(Object(App\Controllers\Users\PenjualanController))
 8 SYSTEMPATH\CodeIgniter.php(353): CodeIgniter\CodeIgniter->handleRequest(null, Object(Config\Cache), false)
 9 FCPATH\index.php(79): CodeIgniter\CodeIgniter->run()
10 SYSTEMPATH\Commands\Server\rewrite.php(47): require_once('C:\\Users\\samid\\Documents\\program\\codeigniter\\4\\ci4_penjualan\\public\\index.php')
INFO - 2024-01-29 09:59:27 --> Session: Class initialized using 'CodeIgniter\Session\Handlers\FileHandler' driver.
CRITICAL - 2024-01-29 09:59:27 --> Undefined variable $V2
in APPPATH\Views\users\penjualan_index.php on line 204.
 1 APPPATH\Views\users\penjualan_index.php(204): CodeIgniter\Debug\Exceptions->errorHandler(2, 'Undefined variable $V2', 'C:\\Users\\samid\\Documents\\program\\codeigniter\\4\\ci4_penjualan\\app\\Views\\users\\penjualan_index.php', 204)
 2 SYSTEMPATH\View\View.php(226): include('C:\\Users\\samid\\Documents\\program\\codeigniter\\4\\ci4_penjualan\\app\\Views\\users\\penjualan_index.php')
 3 SYSTEMPATH\View\View.php(229): CodeIgniter\View\View->CodeIgniter\View\{closure}()
 4 SYSTEMPATH\Common.php(1178): CodeIgniter\View\View->render('users/penjualan_index', [], true)
 5 APPPATH\Controllers\Users\PenjualanController.php(75): view('users/penjualan_index', [...])
 6 SYSTEMPATH\CodeIgniter.php(915): App\Controllers\Users\PenjualanController->index()
 7 SYSTEMPATH\CodeIgniter.php(492): CodeIgniter\CodeIgniter->runController(Object(App\Controllers\Users\PenjualanController))
 8 SYSTEMPATH\CodeIgniter.php(353): CodeIgniter\CodeIgniter->handleRequest(null, Object(Config\Cache), false)
 9 FCPATH\index.php(79): CodeIgniter\CodeIgniter->run()
10 SYSTEMPATH\Commands\Server\rewrite.php(47): require_once('C:\\Users\\samid\\Documents\\program\\codeigniter\\4\\ci4_penjualan\\public\\index.php')
INFO - 2024-01-29 09:59:37 --> Session: Class initialized using 'CodeIgniter\Session\Handlers\FileHandler' driver.
INFO - 2024-01-29 10:37:53 --> Session: Class initialized using 'CodeIgniter\Session\Handlers\FileHandler' driver.
INFO - 2024-01-29 10:37:58 --> Session: Class initialized using 'CodeIgniter\Session\Handlers\FileHandler' driver.
INFO - 2024-01-29 10:37:58 --> Session: Class initialized using 'CodeIgniter\Session\Handlers\FileHandler' driver.
INFO - 2024-01-29 10:38:20 --> Session: Class initialized using 'CodeIgniter\Session\Handlers\FileHandler' driver.
INFO - 2024-01-29 10:38:24 --> Session: Class initialized using 'CodeIgniter\Session\Handlers\FileHandler' driver.
INFO - 2024-01-29 10:38:24 --> Session: Class initialized using 'CodeIgniter\Session\Handlers\FileHandler' driver.
INFO - 2024-01-29 10:39:40 --> Session: Class initialized using 'CodeIgniter\Session\Handlers\FileHandler' driver.
INFO - 2024-01-29 10:40:58 --> Session: Class initialized using 'CodeIgniter\Session\Handlers\FileHandler' driver.
INFO - 2024-01-29 10:41:52 --> Session: Class initialized using 'CodeIgniter\Session\Handlers\FileHandler' driver.
INFO - 2024-01-29 10:50:39 --> Session: Class initialized using 'CodeIgniter\Session\Handlers\FileHandler' driver.
WARNING - 2024-01-29 13:53:39 --> [DEPRECATED] explode(): Passing null to parameter #2 ($string) of type string is deprecated in APPPATH\Controllers\Users\PenjualanController.php on line 30.
 1 APPPATH\Controllers\Users\PenjualanController.php(30): explode('_', null, 2)
 2 SYSTEMPATH\CodeIgniter.php(887): App\Controllers\Users\PenjualanController->__construct()
 3 SYSTEMPATH\CodeIgniter.php(483): CodeIgniter\CodeIgniter->createController()
 4 SYSTEMPATH\CodeIgniter.php(353): CodeIgniter\CodeIgniter->handleRequest(null, Object(Config\Cache), false)
 5 FCPATH\index.php(79): CodeIgniter\CodeIgniter->run()
 6 SYSTEMPATH\Commands\Server\rewrite.php(47): require_once('C:\\Users\\samid\\Documents\\program\\codeigniter\\4\\ci4_penjualan\\public\\index.php')
INFO - 2024-01-29 13:53:40 --> Session: Class initialized using 'CodeIgniter\Session\Handlers\FileHandler' driver.
CRITICAL - 2024-01-29 13:53:40 --> Undefined array key "nama"
in APPPATH\Views\users\components\master.php on line 66.
 1 APPPATH\Views\users\components\master.php(66): CodeIgniter\Debug\Exceptions->errorHandler(2, 'Undefined array key "nama"', 'C:\\Users\\samid\\Documents\\program\\codeigniter\\4\\ci4_penjualan\\app\\Views\\users\\components\\master.php', 66)
 2 SYSTEMPATH\View\View.php(226): include('C:\\Users\\samid\\Documents\\program\\codeigniter\\4\\ci4_penjualan\\app\\Views\\users\\components\\master.php')
 3 SYSTEMPATH\View\View.php(229): CodeIgniter\View\View->CodeIgniter\View\{closure}()
 4 SYSTEMPATH\View\View.php(242): CodeIgniter\View\View->render('users/components/master', [], true)
 5 SYSTEMPATH\Common.php(1178): CodeIgniter\View\View->render('users/penjualan_index', [], true)
 6 APPPATH\Controllers\Users\PenjualanController.php(75): view('users/penjualan_index', [...])
 7 SYSTEMPATH\CodeIgniter.php(915): App\Controllers\Users\PenjualanController->index()
 8 SYSTEMPATH\CodeIgniter.php(492): CodeIgniter\CodeIgniter->runController(Object(App\Controllers\Users\PenjualanController))
 9 SYSTEMPATH\CodeIgniter.php(353): CodeIgniter\CodeIgniter->handleRequest(null, Object(Config\Cache), false)
10 FCPATH\index.php(79): CodeIgniter\CodeIgniter->run()
11 SYSTEMPATH\Commands\Server\rewrite.php(47): require_once('C:\\Users\\samid\\Documents\\program\\codeigniter\\4\\ci4_penjualan\\public\\index.php')
WARNING - 2024-01-29 13:53:45 --> [DEPRECATED] explode(): Passing null to parameter #2 ($string) of type string is deprecated in APPPATH\Controllers\Users\CustomerController.php on line 21.
 1 APPPATH\Controllers\Users\CustomerController.php(21): explode('_', null, 2)
 2 SYSTEMPATH\CodeIgniter.php(887): App\Controllers\Users\CustomerController->__construct()
 3 SYSTEMPATH\CodeIgniter.php(483): CodeIgniter\CodeIgniter->createController()
 4 SYSTEMPATH\CodeIgniter.php(353): CodeIgniter\CodeIgniter->handleRequest(null, Object(Config\Cache), false)
 5 FCPATH\index.php(79): CodeIgniter\CodeIgniter->run()
 6 SYSTEMPATH\Commands\Server\rewrite.php(47): require_once('C:\\Users\\samid\\Documents\\program\\codeigniter\\4\\ci4_penjualan\\public\\index.php')
INFO - 2024-01-29 13:53:45 --> Session: Class initialized using 'CodeIgniter\Session\Handlers\FileHandler' driver.
CRITICAL - 2024-01-29 13:53:45 --> Undefined array key "nama"
in APPPATH\Views\users\components\master.php on line 66.
 1 APPPATH\Views\users\components\master.php(66): CodeIgniter\Debug\Exceptions->errorHandler(2, 'Undefined array key "nama"', 'C:\\Users\\samid\\Documents\\program\\codeigniter\\4\\ci4_penjualan\\app\\Views\\users\\components\\master.php', 66)
 2 SYSTEMPATH\View\View.php(226): include('C:\\Users\\samid\\Documents\\program\\codeigniter\\4\\ci4_penjualan\\app\\Views\\users\\components\\master.php')
 3 SYSTEMPATH\View\View.php(229): CodeIgniter\View\View->CodeIgniter\View\{closure}()
 4 SYSTEMPATH\View\View.php(242): CodeIgniter\View\View->render('users/components/master', [], true)
 5 SYSTEMPATH\Common.php(1178): CodeIgniter\View\View->render('users/customer', [], true)
 6 APPPATH\Controllers\Users\CustomerController.php(36): view('users/customer', [...])
 7 SYSTEMPATH\CodeIgniter.php(915): App\Controllers\Users\CustomerController->index()
 8 SYSTEMPATH\CodeIgniter.php(492): CodeIgniter\CodeIgniter->runController(Object(App\Controllers\Users\CustomerController))
 9 SYSTEMPATH\CodeIgniter.php(353): CodeIgniter\CodeIgniter->handleRequest(null, Object(Config\Cache), false)
10 FCPATH\index.php(79): CodeIgniter\CodeIgniter->run()
11 SYSTEMPATH\Commands\Server\rewrite.php(47): require_once('C:\\Users\\samid\\Documents\\program\\codeigniter\\4\\ci4_penjualan\\public\\index.php')
INFO - 2024-01-29 13:53:55 --> Session: Class initialized using 'CodeIgniter\Session\Handlers\FileHandler' driver.
INFO - 2024-01-29 13:54:01 --> Session: Class initialized using 'CodeIgniter\Session\Handlers\FileHandler' driver.
INFO - 2024-01-29 13:54:13 --> Session: Class initialized using 'CodeIgniter\Session\Handlers\FileHandler' driver.
INFO - 2024-01-29 13:58:53 --> Session: Class initialized using 'CodeIgniter\Session\Handlers\FileHandler' driver.
INFO - 2024-01-29 13:59:00 --> Session: Class initialized using 'CodeIgniter\Session\Handlers\FileHandler' driver.
INFO - 2024-01-29 14:00:21 --> Session: Class initialized using 'CodeIgniter\Session\Handlers\FileHandler' driver.
INFO - 2024-01-29 14:00:54 --> Session: Class initialized using 'CodeIgniter\Session\Handlers\FileHandler' driver.
INFO - 2024-01-29 14:02:02 --> Session: Class initialized using 'CodeIgniter\Session\Handlers\FileHandler' driver.
INFO - 2024-01-29 14:08:02 --> Session: Class initialized using 'CodeIgniter\Session\Handlers\FileHandler' driver.
CRITICAL - 2024-01-29 14:08:02 --> Undefined variable $filter
in APPPATH\Views\users\customer.php on line 22.
 1 APPPATH\Views\users\customer.php(22): CodeIgniter\Debug\Exceptions->errorHandler(2, 'Undefined variable $filter', 'C:\\Users\\samid\\Documents\\program\\codeigniter\\4\\ci4_penjualan\\app\\Views\\users\\customer.php', 22)
 2 SYSTEMPATH\View\View.php(226): include('C:\\Users\\samid\\Documents\\program\\codeigniter\\4\\ci4_penjualan\\app\\Views\\users\\customer.php')
 3 SYSTEMPATH\View\View.php(229): CodeIgniter\View\View->CodeIgniter\View\{closure}()
 4 SYSTEMPATH\Common.php(1178): CodeIgniter\View\View->render('users/customer', [], true)
 5 APPPATH\Controllers\Users\CustomerController.php(36): view('users/customer', [...])
 6 SYSTEMPATH\CodeIgniter.php(915): App\Controllers\Users\CustomerController->index()
 7 SYSTEMPATH\CodeIgniter.php(492): CodeIgniter\CodeIgniter->runController(Object(App\Controllers\Users\CustomerController))
 8 SYSTEMPATH\CodeIgniter.php(353): CodeIgniter\CodeIgniter->handleRequest(null, Object(Config\Cache), false)
 9 FCPATH\index.php(79): CodeIgniter\CodeIgniter->run()
10 SYSTEMPATH\Commands\Server\rewrite.php(47): require_once('C:\\Users\\samid\\Documents\\program\\codeigniter\\4\\ci4_penjualan\\public\\index.php')
INFO - 2024-01-29 14:09:41 --> Session: Class initialized using 'CodeIgniter\Session\Handlers\FileHandler' driver.
INFO - 2024-01-29 14:09:52 --> Session: Class initialized using 'CodeIgniter\Session\Handlers\FileHandler' driver.
INFO - 2024-01-29 14:10:09 --> Session: Class initialized using 'CodeIgniter\Session\Handlers\FileHandler' driver.
INFO - 2024-01-29 14:13:04 --> Session: Class initialized using 'CodeIgniter\Session\Handlers\FileHandler' driver.
INFO - 2024-01-29 14:13:21 --> Session: Class initialized using 'CodeIgniter\Session\Handlers\FileHandler' driver.
INFO - 2024-01-29 14:13:35 --> Session: Class initialized using 'CodeIgniter\Session\Handlers\FileHandler' driver.
INFO - 2024-01-29 14:13:47 --> Session: Class initialized using 'CodeIgniter\Session\Handlers\FileHandler' driver.
INFO - 2024-01-29 14:15:42 --> Session: Class initialized using 'CodeIgniter\Session\Handlers\FileHandler' driver.
INFO - 2024-01-29 14:16:14 --> Session: Class initialized using 'CodeIgniter\Session\Handlers\FileHandler' driver.
INFO - 2024-01-29 14:37:28 --> Session: Class initialized using 'CodeIgniter\Session\Handlers\FileHandler' driver.
CRITICAL - 2024-01-29 14:37:35 --> array_push(): Argument #1 ($array) must be of type array, null given
in APPPATH\Controllers\Users\PenjualanController.php on line 124.
 1 APPPATH\Controllers\Users\PenjualanController.php(124): array_push(null, [...])
 2 SYSTEMPATH\CodeIgniter.php(915): App\Controllers\Users\PenjualanController->print2()
 3 SYSTEMPATH\CodeIgniter.php(492): CodeIgniter\CodeIgniter->runController(Object(App\Controllers\Users\PenjualanController))
 4 SYSTEMPATH\CodeIgniter.php(353): CodeIgniter\CodeIgniter->handleRequest(null, Object(Config\Cache), false)
 5 FCPATH\index.php(79): CodeIgniter\CodeIgniter->run()
 6 SYSTEMPATH\Commands\Server\rewrite.php(47): require_once('C:\\Users\\samid\\Documents\\program\\codeigniter\\4\\ci4_penjualan\\public\\index.php')
INFO - 2024-01-29 14:38:35 --> Session: Class initialized using 'CodeIgniter\Session\Handlers\FileHandler' driver.
INFO - 2024-01-29 14:39:31 --> Session: Class initialized using 'CodeIgniter\Session\Handlers\FileHandler' driver.
INFO - 2024-01-29 14:40:00 --> Session: Class initialized using 'CodeIgniter\Session\Handlers\FileHandler' driver.
INFO - 2024-01-29 14:40:07 --> Session: Class initialized using 'CodeIgniter\Session\Handlers\FileHandler' driver.
INFO - 2024-01-29 14:40:10 --> Session: Class initialized using 'CodeIgniter\Session\Handlers\FileHandler' driver.
INFO - 2024-01-29 14:40:59 --> Session: Class initialized using 'CodeIgniter\Session\Handlers\FileHandler' driver.
INFO - 2024-01-29 14:43:09 --> Session: Class initialized using 'CodeIgniter\Session\Handlers\FileHandler' driver.
INFO - 2024-01-29 14:43:13 --> Session: Class initialized using 'CodeIgniter\Session\Handlers\FileHandler' driver.
INFO - 2024-01-29 14:43:18 --> Session: Class initialized using 'CodeIgniter\Session\Handlers\FileHandler' driver.
INFO - 2024-01-29 14:44:25 --> Session: Class initialized using 'CodeIgniter\Session\Handlers\FileHandler' driver.
INFO - 2024-01-29 15:15:54 --> Session: Class initialized using 'CodeIgniter\Session\Handlers\FileHandler' driver.
INFO - 2024-01-29 15:21:27 --> Session: Class initialized using 'CodeIgniter\Session\Handlers\FileHandler' driver.
